[debug] [2020-08-05T08:26:39.129Z] ----------------------------------------------------------------------
[debug] [2020-08-05T08:26:39.131Z] Command:       C:\Program Files\nodejs\node.exe C:\Users\suman\AppData\Roaming\npm\node_modules\firebase-tools\lib\bin\firebase.js deploy
[debug] [2020-08-05T08:26:39.131Z] CLI Version:   8.6.0
[debug] [2020-08-05T08:26:39.131Z] Platform:      win32
[debug] [2020-08-05T08:26:39.131Z] Node Version:  v12.13.1
[debug] [2020-08-05T08:26:39.133Z] Time:          Wed Aug 05 2020 13:56:39 GMT+0530 (India Standard Time)
[debug] [2020-08-05T08:26:39.133Z] ----------------------------------------------------------------------
[debug] [2020-08-05T08:26:39.133Z] 
[debug] [2020-08-05T08:26:39.147Z] > command requires scopes: ["email","openid","https://www.googleapis.com/auth/cloudplatformprojects.readonly","https://www.googleapis.com/auth/firebase","https://www.googleapis.com/auth/cloud-platform"]
[debug] [2020-08-05T08:26:39.147Z] > authorizing via signed-in user
[debug] [2020-08-05T08:26:39.147Z] [iam] checking project indiacovid-2020 for permissions ["firebase.projects.get","firebasehosting.sites.update"]
[debug] [2020-08-05T08:26:39.149Z] > refreshing access token with scopes: ["email","https://www.googleapis.com/auth/cloud-platform","https://www.googleapis.com/auth/cloudplatformprojects.readonly","https://www.googleapis.com/auth/firebase","openid"]
[debug] [2020-08-05T08:26:39.150Z] >>> HTTP REQUEST POST https://www.googleapis.com/oauth2/v3/token  
 <request body omitted>
[debug] [2020-08-05T08:26:39.365Z] <<< HTTP RESPONSE 200 {"content-type":"application/json; charset=utf-8","vary":"X-Origin, Referer, Origin,Accept-Encoding","date":"Wed, 05 Aug 2020 08:26:39 GMT","server":"scaffolding on HTTPServer2","cache-control":"private","x-xss-protection":"0","x-frame-options":"SAMEORIGIN","x-content-type-options":"nosniff","alt-svc":"h3-29=\":443\"; ma=2592000,h3-27=\":443\"; ma=2592000,h3-T050=\":443\"; ma=2592000,h3-Q050=\":443\"; ma=2592000,h3-Q046=\":443\"; ma=2592000,h3-Q043=\":443\"; ma=2592000,quic=\":443\"; ma=2592000; v=\"46,43\"","accept-ranges":"none","transfer-encoding":"chunked"}
[debug] [2020-08-05T08:26:39.389Z] >>> HTTP REQUEST POST https://cloudresourcemanager.googleapis.com/v1/projects/indiacovid-2020:testIamPermissions  
 {"permissions":["firebase.projects.get","firebasehosting.sites.update"]}
[debug] [2020-08-05T08:26:40.698Z] <<< HTTP RESPONSE 200 {"content-type":"application/json; charset=UTF-8","vary":"X-Origin, Referer, Origin,Accept-Encoding","date":"Wed, 05 Aug 2020 08:26:41 GMT","server":"ESF","cache-control":"private","x-xss-protection":"0","x-frame-options":"SAMEORIGIN","x-content-type-options":"nosniff","server-timing":"gfet4t7; dur=1136","alt-svc":"h3-29=\":443\"; ma=2592000,h3-27=\":443\"; ma=2592000,h3-T050=\":443\"; ma=2592000,h3-Q050=\":443\"; ma=2592000,h3-Q046=\":443\"; ma=2592000,h3-Q043=\":443\"; ma=2592000,quic=\":443\"; ma=2592000; v=\"46,43\"","accept-ranges":"none","transfer-encoding":"chunked"}
[debug] [2020-08-05T08:26:40.701Z] >>> HTTP REQUEST GET https://firebase.googleapis.com/v1beta1/projects/indiacovid-2020  
 
[debug] [2020-08-05T08:26:41.088Z] <<< HTTP RESPONSE 200 {"content-type":"application/json; charset=UTF-8","vary":"X-Origin, Referer, Origin,Accept-Encoding","date":"Wed, 05 Aug 2020 08:26:41 GMT","server":"ESF","cache-control":"private","x-xss-protection":"0","x-frame-options":"SAMEORIGIN","x-content-type-options":"nosniff","alt-svc":"h3-29=\":443\"; ma=2592000,h3-27=\":443\"; ma=2592000,h3-T050=\":443\"; ma=2592000,h3-Q050=\":443\"; ma=2592000,h3-Q046=\":443\"; ma=2592000,h3-Q043=\":443\"; ma=2592000,quic=\":443\"; ma=2592000; v=\"46,43\"","accept-ranges":"none","transfer-encoding":"chunked"}
[info] 
[info] === Deploying to 'indiacovid-2020'...
[info] 
[info] i  deploying hosting 
[debug] [2020-08-05T08:26:41.101Z] >>> HTTP REQUEST POST https://firebasehosting.googleapis.com/v1beta1/sites/indiacovid-2020/versions  
 {"config":{"rewrites":[{"glob":"**","path":"/index.html"}]},"labels":{"deployment-tool":"cli-firebase"}}
[debug] [2020-08-05T08:26:43.036Z] <<< HTTP RESPONSE 200 {"content-type":"application/json; charset=UTF-8","vary":"X-Origin, Referer, Origin,Accept-Encoding","date":"Wed, 05 Aug 2020 08:26:43 GMT","server":"ESF","cache-control":"private","x-xss-protection":"0","x-frame-options":"SAMEORIGIN","x-content-type-options":"nosniff","alt-svc":"h3-29=\":443\"; ma=2592000,h3-27=\":443\"; ma=2592000,h3-T050=\":443\"; ma=2592000,h3-Q050=\":443\"; ma=2592000,h3-Q046=\":443\"; ma=2592000,h3-Q043=\":443\"; ma=2592000,quic=\":443\"; ma=2592000; v=\"46,43\"","accept-ranges":"none","transfer-encoding":"chunked"}
[info] i  hosting[indiacovid-2020]: beginning deploy... 
[info] i  hosting[indiacovid-2020]: found 17 files in dist/efi 
[debug] [2020-08-05T08:26:43.291Z] [hosting] hash cache [ZGlzdFxlZmk] stored for 17 files
[debug] [2020-08-05T08:26:43.291Z] [hosting][hash queue][FINAL] {"max":173,"min":1,"avg":40.64705882352941,"active":0,"complete":17,"success":17,"errored":0,"retried":0,"total":17,"elapsed":186}
[debug] [2020-08-05T08:26:43.292Z] >>> HTTP REQUEST POST https://firebasehosting.googleapis.com/v1beta1/sites/indiacovid-2020/versions/33d420d1d200032a:populateFiles  
 <request body omitted>
[debug] [2020-08-05T08:26:44.841Z] <<< HTTP RESPONSE 200 {"content-type":"application/json; charset=UTF-8","vary":"X-Origin, Referer, Origin,Accept-Encoding","date":"Wed, 05 Aug 2020 08:26:45 GMT","server":"ESF","cache-control":"private","x-xss-protection":"0","x-frame-options":"SAMEORIGIN","x-content-type-options":"nosniff","alt-svc":"h3-29=\":443\"; ma=2592000,h3-27=\":443\"; ma=2592000,h3-T050=\":443\"; ma=2592000,h3-Q050=\":443\"; ma=2592000,h3-Q046=\":443\"; ma=2592000,h3-Q043=\":443\"; ma=2592000,quic=\":443\"; ma=2592000; v=\"46,43\"","accept-ranges":"none","transfer-encoding":"chunked"}
[debug] [2020-08-05T08:26:44.853Z] [hosting][populate queue][FINAL] {"max":1555,"min":1555,"avg":1555,"active":0,"complete":1,"success":1,"errored":0,"retried":0,"total":1,"elapsed":1564}
[debug] [2020-08-05T08:26:44.853Z] [hosting] uploads queued: 5
[debug] [2020-08-05T08:27:04.357Z] [uploadQueue] Retrying task 76d4a6640e673a09eb62f42f8828aac4045aa8abd00c765d85d8b3317a616d5a
[debug] [2020-08-05T08:27:04.366Z] [uploadQueue] Retrying task bad49ac5c3d774ca6c05255845e5b0a715979c4a682de74409f19b18f967a6ac
[debug] [2020-08-05T08:27:04.389Z] [uploadQueue] Retrying task 43877a7e479d0161fa69cb37ae14da7cecb684261ea88e21687e2bc676425287
[debug] [2020-08-05T08:27:04.578Z] [uploadQueue] Retrying task 4bbdaa1f0d0e7b4939ad3bc5d8ac0ca4fb86206d6c64d65bc6e82546ac148392
[debug] [2020-08-05T08:27:24.154Z] [uploadQueue] Retrying task 76d4a6640e673a09eb62f42f8828aac4045aa8abd00c765d85d8b3317a616d5a
[debug] [2020-08-05T08:27:24.167Z] [uploadQueue] Retrying task bad49ac5c3d774ca6c05255845e5b0a715979c4a682de74409f19b18f967a6ac
[debug] [2020-08-05T08:27:24.185Z] [uploadQueue] Retrying task 43877a7e479d0161fa69cb37ae14da7cecb684261ea88e21687e2bc676425287
[debug] [2020-08-05T08:27:24.563Z] [uploadQueue] Retrying task 4bbdaa1f0d0e7b4939ad3bc5d8ac0ca4fb86206d6c64d65bc6e82546ac148392
[debug] [2020-08-05T08:27:44.756Z] [uploadQueue] Retrying task bad49ac5c3d774ca6c05255845e5b0a715979c4a682de74409f19b18f967a6ac
[debug] [2020-08-05T08:27:44.944Z] [uploadQueue] Retrying task 76d4a6640e673a09eb62f42f8828aac4045aa8abd00c765d85d8b3317a616d5a
[debug] [2020-08-05T08:27:45.352Z] [uploadQueue] Retrying task 4bbdaa1f0d0e7b4939ad3bc5d8ac0ca4fb86206d6c64d65bc6e82546ac148392
[debug] [2020-08-05T08:28:06.965Z] [uploadQueue] Retrying task bad49ac5c3d774ca6c05255845e5b0a715979c4a682de74409f19b18f967a6ac
[debug] [2020-08-05T08:28:07.153Z] [uploadQueue] Retrying task 76d4a6640e673a09eb62f42f8828aac4045aa8abd00c765d85d8b3317a616d5a
[debug] [2020-08-05T08:28:07.754Z] [uploadQueue] Retrying task 4bbdaa1f0d0e7b4939ad3bc5d8ac0ca4fb86206d6c64d65bc6e82546ac148392
